# JRE version: Java(TM) SE Runtime Environment (23.0.2+7) (build 23.0.2+7-58)
# Java VM: Java HotSpot(TM) 64-Bit Server VM (23.0.2+7-58, mixed mode, emulated-client, sharing, tiered, compressed oops, compressed class ptrs, g1 gc, windows-amd64)
GC Precious Log:
 CardTable entry size: 512
 Card Set container configuration: InlinePtr #cards 5 size 8 Array Of Cards #cards 10 size 36 Howl #buckets 4 coarsen threshold 1843 Howl Bitmap #cards 512 size 80 coarsen threshold 460 Card regions per heap region 1 cards per card region 2048
 CPUs: 12 total, 12 available
 Memory: 7914M
 Large Page Support: Disabled
 NUMA Support: Disabled
 Compressed Oops: Enabled (32-bit)
 Heap Region Size: 1M
 Heap Min Capacity: 8M
 Heap Initial Capacity: 124M
 Heap Max Capacity: 1980M
 Pre-touch: Disabled
 Parallel Workers: 10
 Concurrent Workers: 3
 Concurrent Refinement Workers: 10
 Periodic GC: Disabled
Heap:
 garbage-first heap   total reserved 2027520K, committed 246784K, used 88617K [0x0000000084400000, 0x0000000100000000)
  region size 1024K, 2 young (2048K), 2 survivors (2048K)
 Metaspace       used 77325K, committed 78336K, reserved 1179648K
  class space    used 11312K, committed 11776K, reserved 1048576K
GC Heap History (20 events):
Event: 15.307 GC heap after
{Heap after GC invocations=26 (full 0):
 garbage-first heap   total reserved 2027520K, committed 109568K, used 49437K [0x0000000084400000, 0x0000000100000000)
  region size 1024K, 3 young (3072K), 3 survivors (3072K)
 Metaspace       used 70175K, committed 70912K, reserved 1114112K
  class space    used 10306K, committed 10624K, reserved 1048576K
}
Event: 15.495 GC heap before
{Heap before GC invocations=26 (full 0):
 garbage-first heap   total reserved 2027520K, committed 109568K, used 99613K [0x0000000084400000, 0x0000000100000000)
  region size 1024K, 52 young (53248K), 3 survivors (3072K)
 Metaspace       used 71135K, committed 72000K, reserved 1114112K
  class space    used 10439K, committed 10816K, reserved 1048576K
}
Event: 15.498 GC heap after
{Heap after GC invocations=27 (full 0):
 garbage-first heap   total reserved 2027520K, committed 109568K, used 51417K [0x0000000084400000, 0x0000000100000000)
  region size 1024K, 5 young (5120K), 5 survivors (5120K)
 Metaspace       used 71135K, committed 72000K, reserved 1114112K
  class space    used 10439K, committed 10816K, reserved 1048576K
}
Event: 15.705 GC heap before
{Heap before GC invocations=28 (full 0):
 garbage-first heap   total reserved 2027520K, committed 109568K, used 96473K [0x0000000084400000, 0x0000000100000000)
  region size 1024K, 50 young (51200K), 5 survivors (5120K)
 Metaspace       used 72682K, committed 73536K, reserved 1114112K
  class space    used 10662K, committed 11008K, reserved 1048576K
}
Event: 15.709 GC heap after
{Heap after GC invocations=29 (full 0):
 garbage-first heap   total reserved 2027520K, committed 109568K, used 54648K [0x0000000084400000, 0x0000000100000000)
  region size 1024K, 7 young (7168K), 7 survivors (7168K)
 Metaspace       used 72682K, committed 73536K, reserved 1114112K
  class space    used 10662K, committed 11008K, reserved 1048576K
}
Event: 15.937 GC heap before
{Heap before GC invocations=29 (full 0):
 garbage-first heap   total reserved 2027520K, committed 109568K, used 95608K [0x0000000084400000, 0x0000000100000000)
  region size 1024K, 47 young (48128K), 7 survivors (7168K)
 Metaspace       used 75095K, committed 76032K, reserved 1114112K
  class space    used 11023K, committed 11392K, reserved 1048576K
}
Event: 15.941 GC heap after
{Heap after GC invocations=30 (full 0):
 garbage-first heap   total reserved 2027520K, committed 109568K, used 56128K [0x0000000084400000, 0x0000000100000000)
  region size 1024K, 6 young (6144K), 6 survivors (6144K)
 Metaspace       used 75095K, committed 76032K, reserved 1114112K
  class space    used 11023K, committed 11392K, reserved 1048576K
}
Event: 16.143 GC heap before
{Heap before GC invocations=30 (full 0):
 garbage-first heap   total reserved 2027520K, committed 109568K, used 78656K [0x0000000084400000, 0x0000000100000000)
  region size 1024K, 30 young (30720K), 6 survivors (6144K)
 Metaspace       used 77205K, committed 78208K, reserved 1179648K
  class space    used 11292K, committed 11776K, reserved 1048576K
}
Event: 16.147 GC heap after
{Heap after GC invocations=31 (full 0):
 garbage-first heap   total reserved 2027520K, committed 109568K, used 58830K [0x0000000084400000, 0x0000000100000000)
  region size 1024K, 5 young (5120K), 5 survivors (5120K)
 Metaspace       used 77205K, committed 78208K, reserved 1179648K
  class space    used 11292K, committed 11776K, reserved 1048576K
}
Event: 16.198 GC heap before
{Heap before GC invocations=32 (full 0):
 garbage-first heap   total reserved 2027520K, committed 109568K, used 98766K [0x0000000084400000, 0x0000000100000000)
  region size 1024K, 43 young (44032K), 5 survivors (5120K)
 Metaspace       used 77232K, committed 78272K, reserved 1179648K
  class space    used 11297K, committed 11776K, reserved 1048576K
}
Event: 16.204 GC heap after
{Heap after GC invocations=33 (full 0):
 garbage-first heap   total reserved 2027520K, committed 113664K, used 66617K [0x0000000084400000, 0x0000000100000000)
  region size 1024K, 6 young (6144K), 6 survivors (6144K)
 Metaspace       used 77232K, committed 78272K, reserved 1179648K
  class space    used 11297K, committed 11776K, reserved 1048576K
}
Event: 16.231 GC heap before
{Heap before GC invocations=33 (full 0):
 garbage-first heap   total reserved 2027520K, committed 113664K, used 99385K [0x0000000084400000, 0x0000000100000000)
  region size 1024K, 38 young (38912K), 6 survivors (6144K)
 Metaspace       used 77241K, committed 78272K, reserved 1179648K
  class space    used 11299K, committed 11776K, reserved 1048576K
}
Event: 17.313 GC heap after
{Heap after GC invocations=34 (full 0):
 garbage-first heap   total reserved 2027520K, committed 246784K, used 77314K [0x0000000084400000, 0x0000000100000000)
  region size 1024K, 5 young (5120K), 5 survivors (5120K)
 Metaspace       used 77241K, committed 78272K, reserved 1179648K
  class space    used 11299K, committed 11776K, reserved 1048576K
}
Event: 17.349 GC heap before
{Heap before GC invocations=34 (full 0):
 garbage-first heap   total reserved 2027520K, committed 246784K, used 84482K [0x0000000084400000, 0x0000000100000000)
  region size 1024K, 12 young (12288K), 5 survivors (5120K)
 Metaspace       used 77325K, committed 78336K, reserved 1179648K
  class space    used 11312K, committed 11776K, reserved 1048576K
}
Event: 17.352 GC heap after
{Heap after GC invocations=35 (full 0):
 garbage-first heap   total reserved 2027520K, committed 246784K, used 80473K [0x0000000084400000, 0x0000000100000000)
  region size 1024K, 2 young (2048K), 2 survivors (2048K)
 Metaspace       used 77325K, committed 78336K, reserved 1179648K
  class space    used 11312K, committed 11776K, reserved 1048576K
}
Event: 17.365 GC heap before
{Heap before GC invocations=35 (full 0):
 garbage-first heap   total reserved 2027520K, committed 246784K, used 90713K [0x0000000084400000, 0x0000000100000000)
  region size 1024K, 12 young (12288K), 2 survivors (2048K)
 Metaspace       used 77325K, committed 78336K, reserved 1179648K
  class space    used 11312K, committed 11776K, reserved 1048576K
}
Event: 17.368 GC heap after
{Heap after GC invocations=36 (full 0):
 garbage-first heap   total reserved 2027520K, committed 246784K, used 85123K [0x0000000084400000, 0x0000000100000000)
  region size 1024K, 2 young (2048K), 2 survivors (2048K)
 Metaspace       used 77325K, committed 78336K, reserved 1179648K
  class space    used 11312K, committed 11776K, reserved 1048576K
}
Event: 17.373 GC heap before
{Heap before GC invocations=36 (full 0):
 garbage-first heap   total reserved 2027520K, committed 246784K, used 91267K [0x0000000084400000, 0x0000000100000000)
  region size 1024K, 10 young (10240K), 2 survivors (2048K)
 Metaspace       used 77325K, committed 78336K, reserved 1179648K
  class space    used 11312K, committed 11776K, reserved 1048576K
}
Event: 17.375 GC heap after
{Heap after GC invocations=37 (full 0):
 garbage-first heap   total reserved 2027520K, committed 246784K, used 85524K [0x0000000084400000, 0x0000000100000000)
  region size 1024K, 2 young (2048K), 2 survivors (2048K)
 Metaspace       used 77325K, committed 78336K, reserved 1179648K
  class space    used 11312K, committed 11776K, reserved 1048576K
}
Event: 17.382 GC heap before
{Heap before GC invocations=37 (full 0):
 garbage-first heap   total reserved 2027520K, committed 246784K, used 95764K [0x0000000084400000, 0x0000000100000000)
  region size 1024K, 12 young (12288K), 2 survivors (2048K)
 Metaspace       used 77325K, committed 78336K, reserved 1179648K
  class space    used 11312K, committed 11776K, reserved 1048576K
}

