<?xml version="1.0" encoding="UTF-8"?>
<testsuite xmlns:xsi="http://www.w3.org/2001/XMLSchema-instance" xsi:noNamespaceSchemaLocation="https://maven.apache.org/surefire/maven-surefire-plugin/xsd/surefire-test-report-3.0.xsd" version="3.0" name="com.example.shoppingsystem.ShoppingSystemApplicationTests" time="11.769" tests="1" errors="0" skipped="0" failures="0">
  <properties>
[...]
</properties>
  <testcase name="contextLoads" classname="com.example.shoppingsystem.ShoppingSystemApplicationTests" time="0.601">
    <system-out><![CDATA[20:36:17.818 [main] INFO org.springframework.test.context.support.AnnotationConfigContextLoaderUtils -- Could not detect default configuration classes for test class [com.example.shoppingsystem.ShoppingSystemApplicationTests]: ShoppingSystemApplicationTests does not declare any static, non-private, non-final, nested classes annotated with @Configuration.
20:36:17.939 [main] INFO org.springframework.boot.test.context.SpringBootTestContextBootstrapper -- Found @SpringBootConfiguration com.example.shoppingsystem.ShoppingSystemApplication for test class com.example.shoppingsystem.ShoppingSystemApplicationTests

  .   ____          _            __ _ _
 /\\ / ___'_ __ _ _(_)_ __  __ _ \ \ \ \
( ( )\___ | '_ | '_| | '_ \/ _` | \ \ \ \
 \\/  ___)| |_)| | | | | || (_| |  ) ) ) )
  '  |____| .__|_| |_|_| |_\__, | / / / /
 =========|_|==============|___/=/_/_/_/
 :: Spring Boot ::                (v3.1.4)

2023-10-16T20:36:18.395+07:00  INFO 11272 --- [           main] c.e.s.ShoppingSystemApplicationTests     : Starting ShoppingSystemApplicationTests using Java 20.0.1 with PID 11272 (started by QuangQui in D:\SU23\Project_BE\Fa_recruitment\ShoppingSystem)
2023-10-16T20:36:18.397+07:00  INFO 11272 --- [           main] c.e.s.ShoppingSystemApplicationTests     : No active profile set, falling back to 1 default profile: "default"
2023-10-16T20:36:20.266+07:00  INFO 11272 --- [           main] .s.d.r.c.RepositoryConfigurationDelegate : Bootstrapping Spring Data JPA repositories in DEFAULT mode.
2023-10-16T20:36:20.369+07:00  INFO 11272 --- [           main] .s.d.r.c.RepositoryConfigurationDelegate : Finished Spring Data repository scanning in 96 ms. Found 16 JPA repository interfaces.
2023-10-16T20:36:21.081+07:00  INFO 11272 --- [           main] o.hibernate.jpa.internal.util.LogHelper  : HHH000204: Processing PersistenceUnitInfo [name: default]
2023-10-16T20:36:21.142+07:00  INFO 11272 --- [           main] org.hibernate.Version                    : HHH000412: Hibernate ORM core version 6.2.9.Final
2023-10-16T20:36:21.144+07:00  INFO 11272 --- [           main] org.hibernate.cfg.Environment            : HHH000406: Using bytecode reflection optimizer
2023-10-16T20:36:21.332+07:00  INFO 11272 --- [           main] o.h.b.i.BytecodeProviderInitiator        : HHH000021: Bytecode provider name : bytebuddy
2023-10-16T20:36:21.526+07:00  INFO 11272 --- [           main] o.s.o.j.p.SpringPersistenceUnitInfo      : No LoadTimeWeaver setup: ignoring JPA class transformer
2023-10-16T20:36:21.559+07:00  INFO 11272 --- [           main] com.zaxxer.hikari.HikariDataSource       : HikariPool-1 - Starting...
2023-10-16T20:36:24.045+07:00  INFO 11272 --- [           main] com.zaxxer.hikari.pool.HikariPool        : HikariPool-1 - Added connection com.mysql.cj.jdbc.ConnectionImpl@17befef0
2023-10-16T20:36:24.046+07:00  INFO 11272 --- [           main] com.zaxxer.hikari.HikariDataSource       : HikariPool-1 - Start completed.
2023-10-16T20:36:24.384+07:00  INFO 11272 --- [           main] o.h.b.i.BytecodeProviderInitiator        : HHH000021: Bytecode provider name : bytebuddy
2023-10-16T20:36:25.243+07:00  INFO 11272 --- [           main] o.h.e.t.j.p.i.JtaPlatformInitiator       : HHH000490: Using JtaPlatform implementation: [org.hibernate.engine.transaction.jta.platform.internal.NoJtaPlatform]
2023-10-16T20:36:25.247+07:00  INFO 11272 --- [           main] j.LocalContainerEntityManagerFactoryBean : Initialized JPA EntityManagerFactory for persistence unit 'default'
2023-10-16T20:36:25.908+07:00  INFO 11272 --- [           main] o.s.d.j.r.query.QueryEnhancerFactory     : Hibernate is in classpath; If applicable, HQL parser will be used.
2023-10-16T20:36:26.699+07:00  WARN 11272 --- [           main] JpaBaseConfiguration$JpaWebConfiguration : spring.jpa.open-in-view is enabled by default. Therefore, database queries may be performed during view rendering. Explicitly configure spring.jpa.open-in-view to disable this warning
2023-10-16T20:36:26.825+07:00  INFO 11272 --- [           main] o.s.s.web.DefaultSecurityFilterChain     : Will secure any request with [org.springframework.security.web.session.DisableEncodeUrlFilter@fabe3f8, org.springframework.security.web.context.request.async.WebAsyncManagerIntegrationFilter@11a88d87, org.springframework.security.web.context.SecurityContextHolderFilter@648ec9f4, org.springframework.security.web.header.HeaderWriterFilter@1f664881, org.springframework.web.filter.CorsFilter@ce24a98, org.springframework.security.web.authentication.logout.LogoutFilter@6bed8d98, com.example.shoppingsystem.config.JwtAuthenticationFilter@57fd3b57, org.springframework.security.web.savedrequest.RequestCacheAwareFilter@69abff1d, org.springframework.security.web.servletapi.SecurityContextHolderAwareRequestFilter@3eff5c32, org.springframework.security.web.authentication.AnonymousAuthenticationFilter@496101d1, org.springframework.security.web.session.SessionManagementFilter@1eedf268, org.springframework.security.web.access.ExceptionTranslationFilter@260d878a, org.springframework.security.web.access.intercept.AuthorizationFilter@4b8ab2f8]
2023-10-16T20:36:28.761+07:00  INFO 11272 --- [           main] c.e.s.ShoppingSystemApplicationTests     : Started ShoppingSystemApplicationTests in 10.668 seconds (process running for 11.702)
2023-10-16T20:36:28.787+07:00  INFO 11272 --- [   scheduling-1] c.e.shoppingsystem.auth.OtpServiceImpl   : Starting OTP cleanup...
Hibernate: DELETE FROM otp WHERE expiry_date <= ?
2023-10-16T20:36:28.878+07:00  INFO 11272 --- [   scheduling-1] c.e.shoppingsystem.auth.OtpServiceImpl   : OTP cleanup completed.
]]></system-out>
  </testcase>
</testsuite>